NAME:
   sampctl - The Swiss Army Knife of SA:MP - vital tools for any server owner or library maintainer.

USAGE:
   sampctl [global options] command [command options] [arguments...]

VERSION:
   1.11.0

AUTHORS:
   Southclaws <hello@southcla.ws>
   JustMichael <michael@sag.gs>

COMMANDS:
     init        sampctl init
     ensure      sampctl ensure
     install     sampctl install [package definition]
     uninstall   sampctl uninstall [package definition]
     release     sampctl release
     config      configure config options
     get         sampctl get [package definition] (target path)
     build       sampctl build [build name]
     run         sampctl run
     template    sampctl template <subcommand>
     version     
     completion  
     docs        sampctl docs > documentation.md
     help, h     Shows a list of commands or help for one command

GLOBAL OPTIONS:
   --verbose                    output all detailed information - useful for debugging
   --platform windows           manually specify the target platform for downloaded binaries to either windows, `linux` or `darwin`.
   --bare                       skip all pre-run configuration
   --help, -h                   show help
   --appVersion, -V, --version  sampctl version

Server Plugins
--------------
 Loading plugin: crashdetect.so
  CrashDetect plugin 4.21
  Loaded.
 Loading plugin: streamer.so


*** Streamer Plugin v2.9.5 by Incognito loaded ***

  Loaded.
 Loading plugin: mysql.so
 >> plugin.mysql: R41-4 successfully loaded.
  Loaded.
 Loading plugin: sscanf.so

 ===============================

      sscanf plugin loaded.     

         Version: 2.13.8

   (c) 2022 Alex "Y_Less" Cole  

 ===============================

  Loaded.
 Loading plugin: gvar.so


*** GVar Plugin v1.3 by Incognito loaded ***

  Loaded.
 Loading plugin: chrono.so
  Loaded.
 Loading plugin: pawnraknet.so
[Pawn.RakNet] plugin v1.6.0 loading...
[Pawn.RakNet] 

    | Pawn.RakNet 1.6.0 | 2016 - 2023
    |--------------------------------
    | Author and maintainer: katursis


    | Compiled: Feb 12 2023 at 19:35:06
    |--------------------------------------------------------------
    | Repository: https://github.com/katursis/Pawn.RakNet
    |--------------------------------------------------------------
    | Wiki: https://github.com/katursis/Pawn.RakNet/wiki

  Loaded.
 Loading plugin: mapandreas.so
  Loaded.
 Loading plugin: env.so
  Loaded.
 Loading plugin: samp-compat.so
  -- samp-compat for 0.3.7-R2 initialized
  Loaded.
 Loading plugin: discord-connector.so
 >> plugin.dc-connector: timeout while initializing data.
                         plugin will proceed to retry connecting in the background.
  Loaded.
 Loaded 11 plugins.


Started server on port: 7777, with maxplayers: 100 lanmode is OFF.


Filterscripts
---------------
  Loading filterscript 'CustomInteriors.amx'...
  Loading filterscript 'CustomExteriors.amx'...
  Loading filterscript 'FastDL.amx'...
[debug] Run time error 19: "File or function is not found"
[debug]  FindTextureFileNameFromCRC
[debug]  FindModelFileNameFromCRC
[debug]  RedirectDownload
  Loading filterscript 'StaticLocations.amx'...
 
 
         ==============================================================
         |                                                            |
         |                                                            |
         |    YYYYYYY       YYYYYYY    SSSSSSSSSSSSSSS  IIIIIIIIII    |
         |    Y:::::Y       Y:::::Y  SS:::::::::::::::S I::::::::I    |
         |    Y:::::Y       Y:::::Y S:::::SSSSSS::::::S I::::::::I    |
         |    Y::::::Y     Y::::::Y S:::::S     SSSSSSS II::::::II    |
         |    YYY:::::Y   Y:::::YYY S:::::S               I::::I      |
         |       Y:::::Y Y:::::Y    S:::::S               I::::I      |
         |        Y:::::Y:::::Y      S::::SSSS            I::::I      |
         |         Y:::::::::Y        SS::::::SSSSS       I::::I      |
         |          Y:::::::Y           SSS::::::::SS     I::::I      |
         |           Y:::::Y               SSSSSS::::S    I::::I      |
         |           Y:::::Y                    S:::::S   I::::I      |
         |           Y:::::Y                    S:::::S   I::::I      |
         |           Y:::::Y        SSSSSSS     S:::::S II::::::II    |
         |        YYYY:::::YYYY     S::::::SSSSSS:::::S I::::::::I    |
         |        Y:::::::::::Y     S:::::::::::::::SS  I::::::::I    |
         |        YYYYYYYYYYYYY      SSSSSSSSSSSSSSS    IIIIIIIIII    |
         |                                                            |
         |                                                            |
         |                      (c) 2021 MPL v1.1                     |
         |            Alex "Y_Less" Cole and contributors.            |
         |                                                            |
         |                                                            |
         ==============================================================
 
 
 ========================================== 
 |                                        | 
 |  Missing YSI scriptfiles directories:  | 
 |                                        | 
 |      /scriptfiles/YSI/fixes/           | 
 |      /scriptfiles/YSI/temp/            | 
 |                                        | 
 ========================================== 
 |                                        | 
 |   Generating code, this may take a     | 
 |  little bit of time.  Note that this   | 
 |  code generation works best with the   | 
 |     JIT plugin, which you are not      | 
 |     currently using.  Get it here:     | 
 |                                        | 
 |       https://git.io/jit-plugin        | 
 |                                        | 
 |             Please wait...             | 
 |                                        | 
 |             Done in 0ms!               | 
 |                                        | 
 ========================================== 
 |                                        | 
 | Server:      0.3.7-R2 (Linux)          | 
 | Started:     22 Mar 2023 - 14:18:55    | 
 |                                        | 
 | Compiler:    3.10.07 (Linux)           | 
 | Includes:    0.3DL                     | 
 | Codepage:    <none>                    | 
 | Built:       22 Mar 2023 - 11:24:25    | 
 |                                        | 
 | YSI:         v5.07.3082                | 
 | Master:      -1                        | 
 |                                        | 
 | JIT:         <none>                    | 
 | Crashdetect: <warning>                 | 
 |                                        | 
 |   Crashdetect has been found, but no   | 
 |      long-call controls have been      | 
 |   detected.  Get the unofficial fixed  | 
 |             release from:              | 
 |                                        | 
 |           github.com/Y-Less/           | 
 |        samp-plugin-crashdetect/        | 
 |                                        | 
 |                                        | 
 ========================================== 
 
 
text: [Black Market]
  {FFFFFF}Type {FFFF00}/creategun{FFFFFF} to create illegal items
  {FFFFFF}Type {FFFF00}/createammo{FFFFFF} to create ammmo
  {FFFFFF}Type {FFFF00}/repairgun{FFFFFF} to repair gun's durability
  {FFFFFF}Type {FFFF00}/craft{FFFFFF} to craft illegal items  , x: -50.38, y: -232.85, z: 6.76, worldid: 0, interiorid: 0
text: [Seeds Shop]
  {FFFFFF}Type {FFFF00}/buyseeds{FFFFFF} to buy seeds
  {00FF00}$999/seed  , x: 870.39, y: -25.11, z: 63.97, worldid: 0, interiorid: 0
text: [Advertisement]
  {FFFFFF}Type {FFFF00}/ad{FFFFFF} to make advertisement  , x: 1128.33, y: -1465.85, z: 15.75, worldid: 0, interiorid: 0
text: [Insurance Center]
  {FFFFFF}Type {FFFF00}/buyinsurance{FFFFFF} to buy insurance
  {FFFFFF}Type {FFFF00}/claiminsurance{FFFFFF} to release vehicle  , x: 1111.62, y: -1795.60, z: 16.59, worldid: 0, interiorid: 0
text: [Medical Treatment]
  {FFFFFF}Type {FFFF00}/takepills{FFFFFF} to get the pills  , x: 1833.02, y: -1077.93, z: 41.65, worldid: 100000, interiorid: 110
text: [Medical Treatment]
  {FFFFFF}Type {FFFF00}/treatment{FFFFFF} to get medical treatment
  {00FF00}$1,000  , x: 1855.38, y: -1079.08, z: 41.65, worldid: 100000, interiorid: 110
text: [Medical Treatment]
  {FFFFFF}Type {FFFF00}/undrag{FFFFFF} to drop injured body to get treated
  {00FF00}$500  , x: 1839.15, y: -1102.40, z: 41.65, worldid: 100000, interiorid: 110
  Loaded 4 filterscripts.

 
 
         ==============================================================
         |                                                            |
         |                                                            |
         |    YYYYYYY       YYYYYYY    SSSSSSSSSSSSSSS  IIIIIIIIII    |
         |    Y:::::Y       Y:::::Y  SS:::::::::::::::S I::::::::I    |
         |    Y:::::Y       Y:::::Y S:::::SSSSSS::::::S I::::::::I    |
         |    Y::::::Y     Y::::::Y S:::::S     SSSSSSS II::::::II    |
         |    YYY:::::Y   Y:::::YYY S:::::S               I::::I      |
         |       Y:::::Y Y:::::Y    S:::::S               I::::I      |
         |        Y:::::Y:::::Y      S::::SSSS            I::::I      |
         |         Y:::::::::Y        SS::::::SSSSS       I::::I      |
         |          Y:::::::Y           SSS::::::::SS     I::::I      |
         |           Y:::::Y               SSSSSS::::S    I::::I      |
         |           Y:::::Y                    S:::::S   I::::I      |
         |           Y:::::Y                    S:::::S   I::::I      |
         |           Y:::::Y        SSSSSSS     S:::::S II::::::II    |
         |        YYYY:::::YYYY     S::::::SSSSSS:::::S I::::::::I    |
         |        Y:::::::::::Y     S:::::::::::::::SS  I::::::::I    |
         |        YYYYYYYYYYYYY      SSSSSSSSSSSSSSS    IIIIIIIIII    |
         |                                                            |
         |                                                            |
         |                      (c) 2021 MPL v1.1                     |
         |            Alex "Y_Less" Cole and contributors.            |
         |                                                            |
         |                                                            |
         ==============================================================
 
 
 ========================================== 
 |                                        | 
 |  Missing YSI scriptfiles directories:  | 
 |                                        | 
 |      /scriptfiles/YSI/fixes/           | 
 |      /scriptfiles/YSI/temp/            | 
 |                                        | 
 ========================================== 
 |                                        | 
 |   Generating code, this may take a     | 
 |  little bit of time.  Note that this   | 
 |  code generation works best with the   | 
 |     JIT plugin, which you are not      | 
 |     currently using.  Get it here:     | 
 |                                        | 
 |       https://git.io/jit-plugin        | 
 |                                        | 
 |             Please wait...             | 
 |                                        | 
 |             Done in 1692ms!            | 
 |                                        | 
 ========================================== 
  Filterscript '../scriptfiles/callbackfix.amx' loaded.
 |                                        | 
 | Server:      0.3.7-R2 (Linux)          | 
 | Started:     22 Mar 2023 - 14:18:56    | 
 |                                        | 
 | Compiler:    3.10.07 (Linux)           | 
 | Includes:    0.3DL                     | 
 | Codepage:    <none>                    | 
 | Built:       22 Mar 2023 - 13:35:45    | 
 |                                        | 
 | YSI:         v5.07.3082                | 
 | Master:      -1                        | 
 |                                        | 
 | JIT:         <none>                    | 
 | Crashdetect: <warning>                 | 
 |                                        | 
 |   Crashdetect has been found, but no   | 
 |      long-call controls have been      | 
 |   detected.  Get the unofficial fixed  | 
 |             release from:              | 
 |                                        | 
 |           github.com/Y-Less/           | 
 |        samp-plugin-crashdetect/        | 
 |                                        | 
 |                                        | 
 ========================================== 
 
 
MapAndreas: plugin could not init!
MapAndreas: check files and make sure you have enough memory!
 
--------------------------------------
 Anticheat Nex-AC loaded!
 Anticheat version: 1.9.61
 Author: Nexius
--------------------------------------

[debug] OnGameModeInit()
[OnGameModeInit] Server started on: [23/03/2023 04:19:00] (UTC+7)
[OnGameModeInit] Initialising 'Main'...
[Database] Connected!
[SERVER ECONOMY] Initialization called.
[JOB CONFIG] Initialization called.
[ADMIN ACTIVITY] Initialization called.
[ADMIN DUTY TIMES] Initialization called.
Successfull loaded static pickup and label.
Successfull loaded static mapicon.
Successfull loaded workshop mapping.
Successfull loaded static mapicon.
Created 3 drug lab
[SERVER REALTIME] Module initialized.
Number of vehicle models: 0
[ADMIN ACTIVITY] Migration(s) on file "20210130_104400_+0700_000000_create_admin_acitivities_table.sql" successfully executed.
[ADMIN DUTY TIMES] Migration(s) on file "20210130_104400_+0700_000000_create_admin_acitivities_table.sql" successfully executed.
[ADMIN DUTY TIMES] All Admin duty times are updated.
*** [load] dropped item data (0 count).
*** [load] faction data (3 count).
*** [load] job data (0 count).
*** [load] entrance data (1 count).
*** [load] arrest data (0 count).
*** [load] business data (1 count).
*** [load] impound data (0 count).
*** [load] server data (motd, record, fish price).
*** [load] house data (1 count).
*** [load] garbage data (0 count).
*** [load] objecttext data (0 count).
*** Loaded 1 basement.
*** Loaded 1 ATM's
[SERVER ECONOMY] Server economy loaded. [SQL ID: 5 | Supply: $1,000,000 | Reserve: $1,111,178 | Inflation rate: 0% | Sales tax rate: 0% | Treatment price: $100 | Component price: $1]
[JOB CONFIG] Job config "Boxville" loaded. [SQL ID: 2 | Base Salary: $500 | Bonus Minimum: $100 | Bonus Maximum: $200 | Exit delay: 300 second(s) | Fail delay: 600 second(s) | Success delay: 1200 second(s) | Earn Per House: $10 | Max Houses Delivered: 20]
[JOB CONFIG] Job config "Bus Driver" loaded. [SQL ID: 2 | Base Salary: $500 | Bonus Minimum: $100 | Bonus Maximum: $200 | Exit delay: 300 second(s) | Fail delay: 600 second(s) | Success delay: 1200 second(s) | Minimum Health: 600.00 | Max Speed: 80.00]
[JOB CONFIG] Job config "Money Transporter" loaded. [SQL ID: 2 | Base Salary: $500 | Bonus Minimum: $100 | Bonus Maximum: $200 | Exit delay: 300 second(s) | Fail delay: 600 second(s) | Success delay: 1200 second(s) | Enabled: 1 | Max ATM Cash: $25,000 | Max Van Cash: $50,000]
[JOB CONFIG] Job config "Sweeper" loaded. [SQL ID: 2 | Base Salary: $500 | Bonus Minimum: $100 | Bonus Maximum: $200 | Exit delay: 300 second(s) | Fail delay: 600 second(s) | Success delay: 1200 second(s)]
[JOB CONFIG] Job config "Trashmaster" loaded. [SQL ID: 2 | Base Salary: $500 | Bonus Minimum: $100 | Bonus Maximum: $200 | Exit delay: 300 second(s) | Fail delay: 600 second(s) | Success delay: 1200 second(s) | Earn Per Trash: $5 | Max Trashes: 100]


[log-core] server crash detected: fatal signal '11' (SIGSEGV) caught   



[log-core] fatal signal '11' (SIGSEGV) catched   

[debug] Server crashed due to an unknown error
[debug] Native backtrace:
[debug] #0 f79fe62f in _Z13GetStackTraceRSt6vectorI10StackFrameSaIS0_EEPv () in plugins/crashdetect.so
[debug] #1 f79f653d in _ZN11CrashDetect20PrintNativeBacktraceERSoRKN2os7ContextE () in plugins/crashdetect.so
[debug] #2 f79f7d58 in _ZN11CrashDetect20PrintNativeBacktraceERKN2os7ContextE () in plugins/crashdetect.so
[debug] #3 f79f7f1c in _ZN11CrashDetect7OnCrashERKN2os7ContextE () in plugins/crashdetect.so
[debug] #4 f79fdedf in ?? () in plugins/crashdetect.so
[debug] #5 f7ee1080 in __kernel_rt_sigreturn () in linux-gate.so.1
[debug] #6 f3800480 in ?? ()
[debug] Registers:
[debug] EAX: f38227f0 EBX: f60da000 ECX: f3818940 EDX: f381de58
[debug] ESI: f381cbd0 EDI: f3800480 EBP: 00000000 ESP: f41cdc1c
[debug] EIP: f3800480 EFLAGS: 00210292
[debug] Stack:
[debug] ESP+00000000: f5ee8455 f381cbd0 00000003 f380eb50
[debug] ESP+00000020: f41cdcd8 ffffdcd1 ffffdcb4 f5ee841b
[debug] ESP+00000040: f5d982e0 f381cbd0 f380eb50 00000000
[debug] ESP+00000060: f5df4716 f381d390 f381c2a0 00000000
[debug] ESP+00000080: 00000000 00000000 00000001 f60c5ba0
[debug] ESP+000000a0: 00042200 00000000 00000000 f382222c
[debug] ESP+000000c0: f5d6a300 f60d2144 00000000 00000000
[debug] ESP+000000e0: f7dc5b0c 00000001 f41cdd14 f5d76eb9
[debug] ESP+00000100: d250c900 f7dc5ae7 f60da000 f60da000
[debug] ESP+00000120: 00000000 00000000 00000000 00000000
[debug] ESP+00000140: d250c900 f41cddd8 f41cddc8 f5dc565b
[debug] ESP+00000160: f5da39e6 f41cde3c 0000007d 00000001
[debug] ESP+00000180: f5da39c8 f41cddc8 0000007d f381e5f0
[debug] ESP+000001a0: f5da4b40 00000000 086b4d90 f60c5ba0
[debug] ESP+000001c0: f60da000 f5dd1877 f60da000 f381cf40
[debug] ESP+000001e0: f60da000 f41cde38 f60da000 f41cdee8
[debug] ESP+00000200: 00000000 f38016c4 00000001 00000000
[debug] ESP+00000220: f38188b0 f38188b8 f60da000 00000000
[debug] ESP+00000240: 00000000 f60c5b50 f5d9d400 00000000
[debug] ESP+00000260: 000000cc f3817494 f3817480 00000000
[debug] ESP+00000280: f60da000 0000015d f38015e4 f38015d0
[debug] ESP+000002a0: 0000007d 00000001 f60d2144 00000000
[debug] ESP+000002c0: f60da000 f381cf40 f381e8d0 f41cdf28
[debug] ESP+000002e0: f5d6542f f5da44c0 00000000 f60da000
[debug] ESP+00000300: f41cdf70 f381d720 f41cdfcc f41cdf98
[debug] ESP+00000320: 00000000 f381cf40 f6413720 f41cdf88
[debug] ESP+00000340: f41cdfcc f60da000 f381d720 f41cdf64
[debug] ESP+00000360: d250c900 086b52d0 f41ce02c f5e5976b
[debug] ESP+00000380: f5e59b05 f41cdfcc 00000001 f7ef44e5
[debug] ESP+000003a0: f60da000 f3817e40 00000e53 f5c9f47c
[debug] ESP+000003c0: d250c900 f7f09000 f5c9f47c f5e599db
[debug] ESP+000003e0: f5e59c82 f381bb7c f41ce02c f381bb88
[debug] Loaded modules:
[debug] 00000000 - 00187f43 samp03svr
[debug] f7ee0000 - f7ee125e linux-gate.so.1
[debug] f7ed0000 - f7ed2adc /lib32/libdl.so.2
[debug] f7eb1000 - f7eced8b /lib32/libpthread.so.0
[debug] f7d2b000 - f7ebb8fc /usr/lib32/libstdc++.so.6
[debug] f7c60000 - f7d2a50c /lib32/libm.so.6
[debug] f7c42000 - f7c5e544 /usr/lib32/libgcc_s.so.1
[debug] f7a69000 - f7c48b93 /lib32/libc.so.6
[debug] f7ee2000 - f7f09490 /lib/ld-linux.so.2
[debug] f79dc000 - f7a66a04 plugins/crashdetect.so
[debug] f7909000 - f79ddb05 plugins/streamer.so
[debug] f7578000 - f790deb2 plugins/mysql.so
[debug] f7554000 - f7577d32 /home/Gomerian/GomerianRoleplay/plugins/../log-core.so
[debug] f7544000 - f754b964 /lib32/librt.so.1
[debug] f652e000 - f653fc48 /lib32/libnss_files.so.2
[debug] f63c9000 - f6400844 plugins/sscanf.so
[debug] f6521000 - f652d011 plugins/gvar.so
[debug] f6394000 - f63c6dc8 plugins/chrono.so
[debug] f61bd000 - f639e88c plugins/pawnraknet.so
[debug] f7550000 - f7553484 plugins/mapandreas.so
[debug] f6112000 - f61bf234 plugins/env.so
[debug] f60ed000 - f611155c plugins/samp-compat.so
[debug] f5c80000 - f610f8a6 plugins/discord-connector.so
[debug] f5a6b000 - f5c8b348 /home/Gomerian/GomerianRoleplay/plugins/../log-core2.so
[debug] f6514000 - f6518970 /lib32/libnss_dns.so.2
[debug] f49d0000 - f49e6634 /lib32/libresolv.so.2
